app/build/outputs/logs/manifest-merger-debug-report.txt
-- Merging decision tree log ---
manifest
ADDED from src/main/AndroidManifest.xml:2:1-52:12
	package
		ADDED from src/main/AndroidManifest.xml:3:5-38
		INJECTED from src/main/AndroidManifest.xml
		INJECTED from src/main/AndroidManifest.xml
	android:versionName
		INJECTED from src/main/AndroidManifest.xml
		INJECTED from src/main/AndroidManifest.xml
	xmlns:android
		ADDED from src/main/AndroidManifest.xml:2:11-69
	android:versionCode
		INJECTED from src/main/AndroidManifest.xml
		INJECTED from src/main/AndroidManifest.xml
uses-permission#android.permission.INTERNET
ADDED from src/main/AndroidManifest.xml:5:5-66
	android:name
		ADDED from src/main/AndroidManifest.xml:5:22-64
uses-permission#android.permission.ACCESS_NETWORK_STATE
ADDED from src/main/AndroidManifest.xml:6:5-78
	android:name
		ADDED from src/main/AndroidManifest.xml:6:22-76
uses-permission#android.permission.WRITE_EXTERNAL_STORAGE
ADDED from src/main/AndroidManifest.xml:7:5-81
MERGED from [com.sandrios.android:sandriosCamera:1.0.8] AndroidManifest.xml:13:5-81
	android:name
		ADDED from src/main/AndroidManifest.xml:7:22-78
uses-permission#android.permission.READ_EXTERNAL_STORAGE
ADDED from src/main/AndroidManifest.xml:8:5-80
	android:name
		ADDED from src/main/AndroidManifest.xml:8:22-77
uses-permission#android.permission.GET_ACCOUNTS
ADDED from src/main/AndroidManifest.xml:9:5-70
	android:name
		ADDED from src/main/AndroidManifest.xml:9:22-68
application
ADDED from src/main/AndroidManifest.xml:11:5-50:19
MERGED from [com.android.support:design:25.0.1] AndroidManifest.xml:25:5-20
MERGED from [com.android.support:transition:25.0.1] AndroidManifest.xml:22:5-20
MERGED from [com.ernestoyaquello.stepperform:vertical-stepper-form:0.9.9] AndroidManifest.xml:11:5-15:19
MERGED from [it.michelelacorte.scrollableappbar:library:1.0.0] AndroidManifest.xml:11:5-15:19
MERGED from [com.android.support:cardview-v7:25.0.1] AndroidManifest.xml:22:5-20
MERGED from [com.android.support:palette-v7:25.0.1] AndroidManifest.xml:22:5-23:19
MERGED from [com.github.ozodrukh:CircularReveal:1.3.1] AndroidManifest.xml:10:5-20
MERGED from [com.wajahatkarim3.EasyFlipView:EasyFlipView:1.0.0] AndroidManifest.xml:11:5-15:19
MERGED from [com.github.vatsaldesai92:MyDynamicToastLibrary:1.0.1] AndroidManifest.xml:11:5-15:19
MERGED from [com.yarolegovich:lovely-dialog:1.0.4] AndroidManifest.xml:11:5-52
MERGED from [com.melnykov:floatingactionbutton:1.3.0] AndroidManifest.xml:12:5-20
MERGED from [com.sandrios.android:sandriosCamera:1.0.8] AndroidManifest.xml:15:5-38:19
MERGED from [gun0912.ted:tedpermission:1.0.2] AndroidManifest.xml:9:5-13:19
MERGED from [com.google.android.gms:play-services-auth:10.0.1] AndroidManifest.xml:19:5-25:19
MERGED from [com.google.android.gms:play-services-base:10.0.1] AndroidManifest.xml:18:5-20:19
MERGED from [com.google.android.gms:play-services-tasks:10.0.1] AndroidManifest.xml:4:5-19
MERGED from [com.google.android.gms:play-services-basement:10.0.1] AndroidManifest.xml:19:5-21:19
MERGED from [pub.devrel:easypermissions:0.2.1] AndroidManifest.xml:12:5-20
MERGED from [com.android.support:appcompat-v7:25.1.0] AndroidManifest.xml:25:5-20
MERGED from [com.android.support:support-v4:25.1.0] AndroidManifest.xml:25:5-20
MERGED from [com.android.support:support-fragment:25.1.0] AndroidManifest.xml:25:5-20
MERGED from [com.android.support:support-media-compat:25.1.0] AndroidManifest.xml:25:5-20
MERGED from [com.android.support:support-core-ui:25.1.0] AndroidManifest.xml:25:5-20
MERGED from [com.android.support:support-core-utils:25.1.0] AndroidManifest.xml:25:5-20
MERGED from [com.android.support:animated-vector-drawable:25.1.0] AndroidManifest.xml:22:5-20
MERGED from [com.android.support:support-vector-drawable:25.1.0] AndroidManifest.xml:23:5-20
MERGED from [com.android.support:support-compat:25.1.0] AndroidManifest.xml:25:5-20
	android:label
		ADDED from src/main/AndroidManifest.xml:14:9-41
	android:supportsRtl
		ADDED from src/main/AndroidManifest.xml:15:9-35
	android:allowBackup
		ADDED from src/main/AndroidManifest.xml:12:9-35
	android:icon
		ADDED from src/main/AndroidManifest.xml:13:9-38
	android:theme
		ADDED from src/main/AndroidManifest.xml:16:9-40
activity#com.denis.paluca.ankesa.MainActivity
ADDED from src/main/AndroidManifest.xml:18:9-29:20
	android:screenOrientation
		ADDED from src/main/AndroidManifest.xml:22:13-49
	android:label
		ADDED from src/main/AndroidManifest.xml:21:13-45
	android:configChanges
		ADDED from src/main/AndroidManifest.xml:20:13-48
	android:theme
		ADDED from src/main/AndroidManifest.xml:23:13-53
	android:name
		ADDED from src/main/AndroidManifest.xml:19:13-64
intent-filter#android.intent.action.MAIN+android.intent.category.LAUNCHER
ADDED from src/main/AndroidManifest.xml:24:13-28:29
action#android.intent.action.MAIN
ADDED from src/main/AndroidManifest.xml:25:17-69
	android:name
		ADDED from src/main/AndroidManifest.xml:25:25-66
category#android.intent.category.LAUNCHER
ADDED from src/main/AndroidManifest.xml:27:17-77
	android:name
		ADDED from src/main/AndroidManifest.xml:27:27-74
activity#com.denis.paluca.ankesa.BlankActivity
ADDED from src/main/AndroidManifest.xml:31:9-35:69
	android:screenOrientation
		ADDED from src/main/AndroidManifest.xml:34:13-49
	android:label
		ADDED from src/main/AndroidManifest.xml:33:13-44
	android:theme
		ADDED from src/main/AndroidManifest.xml:35:13-56
	android:name
		ADDED from src/main/AndroidManifest.xml:32:13-65
activity#com.denis.paluca.ankesa.RrethNesh
ADDED from src/main/AndroidManifest.xml:37:9-41:69
	android:screenOrientation
		ADDED from src/main/AndroidManifest.xml:40:13-49
	android:label
		ADDED from src/main/AndroidManifest.xml:39:13-39
	android:theme
		ADDED from src/main/AndroidManifest.xml:41:13-56
	android:name
		ADDED from src/main/AndroidManifest.xml:38:13-61
activity#com.denis.paluca.ankesa.CaptureSignature
ADDED from src/main/AndroidManifest.xml:43:9-47:69
	android:screenOrientation
		ADDED from src/main/AndroidManifest.xml:46:13-49
	android:label
		ADDED from src/main/AndroidManifest.xml:45:13-42
	android:theme
		ADDED from src/main/AndroidManifest.xml:47:13-56
	android:name
		ADDED from src/main/AndroidManifest.xml:44:13-68
uses-sdk
INJECTED from src/main/AndroidManifest.xml reason: use-sdk injection requested
MERGED from [com.android.support:design:25.0.1] AndroidManifest.xml:21:5-23:62
MERGED from [com.android.support:transition:25.0.1] AndroidManifest.xml:20:5-44
MERGED from [com.ernestoyaquello.stepperform:vertical-stepper-form:0.9.9] AndroidManifest.xml:7:5-9:41
MERGED from [it.michelelacorte.scrollableappbar:library:1.0.0] AndroidManifest.xml:7:5-9:41
MERGED from [com.android.support:cardview-v7:25.0.1] AndroidManifest.xml:20:5-43
MERGED from [com.android.support:palette-v7:25.0.1] AndroidManifest.xml:20:5-43
MERGED from [com.github.rubensousa:raiflatbutton:0.1] AndroidManifest.xml:8:5-10:41
MERGED from [com.github.coyarzun89:fabtransitionactivity:0.2.0] AndroidManifest.xml:7:5-9:41
MERGED from [com.github.ozodrukh:CircularReveal:1.3.1] AndroidManifest.xml:6:5-8:41
MERGED from [com.wajahatkarim3.EasyFlipView:EasyFlipView:1.0.0] AndroidManifest.xml:7:5-9:41
MERGED from [me.biubiubiu.justifytext:library:1.1] AndroidManifest.xml:7:5-9:41
MERGED from [com.github.vatsaldesai92:MyDynamicToastLibrary:1.0.1] AndroidManifest.xml:7:5-9:41
MERGED from [com.yarolegovich:lovely-dialog:1.0.4] AndroidManifest.xml:7:5-9:41
MERGED from [com.melnykov:floatingactionbutton:1.3.0] AndroidManifest.xml:8:5-10:41
MERGED from [com.sandrios.android:sandriosCamera:1.0.8] AndroidManifest.xml:7:5-9:41
MERGED from [com.android.support:recyclerview-v7:25.1.0] AndroidManifest.xml:20:5-43
MERGED from [com.yalantis:ucrop:2.2.0] AndroidManifest.xml:8:5-10:41
MERGED from [gun0912.ted:tedpermission:1.0.2] AndroidManifest.xml:5:5-7:41
MERGED from [com.google.android.gms:play-services-auth:10.0.1] AndroidManifest.xml:17:5-42
MERGED from [com.google.android.gms:play-services-auth-base:10.0.1] AndroidManifest.xml:4:5-42
MERGED from [com.google.android.gms:play-services-base:10.0.1] AndroidManifest.xml:17:5-42
MERGED from [com.google.android.gms:play-services-tasks:10.0.1] AndroidManifest.xml:3:5-42
MERGED from [com.google.android.gms:play-services-basement:10.0.1] AndroidManifest.xml:17:5-42
MERGED from [pub.devrel:easypermissions:0.2.1] AndroidManifest.xml:8:5-10:41
MERGED from [com.android.support:appcompat-v7:25.1.0] AndroidManifest.xml:21:5-23:78
MERGED from [com.android.support:support-v4:25.1.0] AndroidManifest.xml:21:5-23:54
MERGED from [com.android.support:support-fragment:25.1.0] AndroidManifest.xml:21:5-23:60
MERGED from [com.android.support:support-media-compat:25.1.0] AndroidManifest.xml:21:5-23:63
MERGED from [com.android.support:support-core-ui:25.1.0] AndroidManifest.xml:21:5-23:58
MERGED from [com.android.support:support-core-utils:25.1.0] AndroidManifest.xml:21:5-23:61
MERGED from [com.android.support:animated-vector-drawable:25.1.0] AndroidManifest.xml:20:5-44
MERGED from [com.android.support:support-vector-drawable:25.1.0] AndroidManifest.xml:21:5-43
MERGED from [com.android.support:support-compat:25.1.0] AndroidManifest.xml:21:5-23:58
	tools:overrideLibrary
		ADDED from [com.android.support:design:25.0.1] AndroidManifest.xml:23:9-59
	android:targetSdkVersion
		INJECTED from src/main/AndroidManifest.xml
		INJECTED from src/main/AndroidManifest.xml
	android:minSdkVersion
		INJECTED from src/main/AndroidManifest.xml
		INJECTED from src/main/AndroidManifest.xml
uses-permission#android.permission.CAMERA
ADDED from [com.sandrios.android:sandriosCamera:1.0.8] AndroidManifest.xml:11:5-65
	android:name
		ADDED from [com.sandrios.android:sandriosCamera:1.0.8] AndroidManifest.xml:11:22-62
uses-permission#android.permission.RECORD_AUDIO
ADDED from [com.sandrios.android:sandriosCamera:1.0.8] AndroidManifest.xml:12:5-71
	android:name
		ADDED from [com.sandrios.android:sandriosCamera:1.0.8] AndroidManifest.xml:12:22-68
activity#com.sandrios.sandriosCamera.internal.ui.camera.Camera1Activity
ADDED from [com.sandrios.android:sandriosCamera:1.0.8] AndroidManifest.xml:18:9-21:54
	android:screenOrientation
		ADDED from [com.sandrios.android:sandriosCamera:1.0.8] AndroidManifest.xml:20:13-49
	android:theme
		ADDED from [com.sandrios.android:sandriosCamera:1.0.8] AndroidManifest.xml:21:13-51
	android:name
		ADDED from [com.sandrios.android:sandriosCamera:1.0.8] AndroidManifest.xml:19:13-90
activity#com.sandrios.sandriosCamera.internal.ui.camera2.Camera2Activity
ADDED from [com.sandrios.android:sandriosCamera:1.0.8] AndroidManifest.xml:22:9-25:54
	android:screenOrientation
		ADDED from [com.sandrios.android:sandriosCamera:1.0.8] AndroidManifest.xml:24:13-49
	android:theme
		ADDED from [com.sandrios.android:sandriosCamera:1.0.8] AndroidManifest.xml:25:13-51
	android:name
		ADDED from [com.sandrios.android:sandriosCamera:1.0.8] AndroidManifest.xml:23:13-91
activity#com.sandrios.sandriosCamera.internal.ui.preview.PreviewActivity
ADDED from [com.sandrios.android:sandriosCamera:1.0.8] AndroidManifest.xml:26:9-29:54
	android:screenOrientation
		ADDED from [com.sandrios.android:sandriosCamera:1.0.8] AndroidManifest.xml:28:13-49
	android:theme
		ADDED from [com.sandrios.android:sandriosCamera:1.0.8] AndroidManifest.xml:29:13-51
	android:name
		ADDED from [com.sandrios.android:sandriosCamera:1.0.8] AndroidManifest.xml:27:13-91
activity#com.sandrios.sandriosCamera.internal.ui.BaseSandriosActivity
ADDED from [com.sandrios.android:sandriosCamera:1.0.8] AndroidManifest.xml:30:9-33:54
	android:screenOrientation
		ADDED from [com.sandrios.android:sandriosCamera:1.0.8] AndroidManifest.xml:32:13-49
	android:theme
		ADDED from [com.sandrios.android:sandriosCamera:1.0.8] AndroidManifest.xml:33:13-51
	android:name
		ADDED from [com.sandrios.android:sandriosCamera:1.0.8] AndroidManifest.xml:31:13-88
activity#com.yalantis.ucrop.UCropActivity
ADDED from [com.sandrios.android:sandriosCamera:1.0.8] AndroidManifest.xml:34:9-37:59
	android:screenOrientation
		ADDED from [com.sandrios.android:sandriosCamera:1.0.8] AndroidManifest.xml:36:13-49
	android:theme
		ADDED from [com.sandrios.android:sandriosCamera:1.0.8] AndroidManifest.xml:37:13-56
	android:name
		ADDED from [com.sandrios.android:sandriosCamera:1.0.8] AndroidManifest.xml:35:13-60
activity#com.gun0912.tedpermission.TedPermissionActivity
ADDED from [gun0912.ted:tedpermission:1.0.2] AndroidManifest.xml:10:9-12:56
	android:theme
		ADDED from [gun0912.ted:tedpermission:1.0.2] AndroidManifest.xml:12:13-53
	android:name
		ADDED from [gun0912.ted:tedpermission:1.0.2] AndroidManifest.xml:11:13-75
activity#com.google.android.gms.auth.api.signin.internal.SignInHubActivity
ADDED from [com.google.android.gms:play-services-auth:10.0.1] AndroidManifest.xml:20:9-189
	android:excludeFromRecents
		ADDED from [com.google.android.gms:play-services-auth:10.0.1] AndroidManifest.xml:20:129-162
	android:exported
		ADDED from [com.google.android.gms:play-services-auth:10.0.1] AndroidManifest.xml:20:163-187
	android:theme
		ADDED from [com.google.android.gms:play-services-auth:10.0.1] AndroidManifest.xml:20:69-128
	android:name
		ADDED from [com.google.android.gms:play-services-auth:10.0.1] AndroidManifest.xml:20:19-68
service#com.google.android.gms.auth.api.signin.RevocationBoundService
ADDED from [com.google.android.gms:play-services-auth:10.0.1] AndroidManifest.xml:24:9-184
	android:exported
		ADDED from [com.google.android.gms:play-services-auth:10.0.1] AndroidManifest.xml:24:64-87
	android:permission
		ADDED from [com.google.android.gms:play-services-auth:10.0.1] AndroidManifest.xml:24:88-182
	android:name
		ADDED from [com.google.android.gms:play-services-auth:10.0.1] AndroidManifest.xml:24:18-63
activity#com.google.android.gms.common.api.GoogleApiActivity
ADDED from [com.google.android.gms:play-services-base:10.0.1] AndroidManifest.xml:19:9-172
	android:exported
		ADDED from [com.google.android.gms:play-services-base:10.0.1] AndroidManifest.xml:19:146-170
	android:theme
		ADDED from [com.google.android.gms:play-services-base:10.0.1] AndroidManifest.xml:19:86-145
	android:name
		ADDED from [com.google.android.gms:play-services-base:10.0.1] AndroidManifest.xml:19:19-85
meta-data#com.google.android.gms.version
ADDED from [com.google.android.gms:play-services-basement:10.0.1] AndroidManifest.xml:20:9-121
	android:value
		ADDED from [com.google.android.gms:play-services-basement:10.0.1] AndroidManifest.xml:20:66-119
	android:name
		ADDED from [com.google.android.gms:play-services-basement:10.0.1] AndroidManifest.xml:20:20-65